<?xml version="1.0" encoding="UTF-8"?>
<!-- Generated by org.testng.reporters.JUnitReportReporter -->
<testsuite hostname="DESKTOP-9GQP42P" name="com.gomechanic.Tests.AddLightAndFitMentsPlanToCartTest" tests="1" failures="0" timestamp="15 Nov 2020 15:10:13 GMT" time="146.946" errors="0">
  <testcase name="selectAmaronPlan" time="146.946" classname="com.gomechanic.Tests.AddLightAndFitMentsPlanToCartTest"/>
</testsuite> <!-- com.gomechanic.Tests.AddLightAndFitMentsPlanToCartTest -->
