<?xml version="1.0" encoding="UTF-8"?>
<!-- Generated by org.testng.reporters.JUnitReportReporter -->
<testsuite hostname="DESKTOP-9GQP42P" name="com.gomechanic.Tests.AddPeriodicServicePlantToCartTest" tests="1" failures="0" timestamp="15 Nov 2020 15:10:13 GMT" time="137.118" errors="0">
  <testcase name="selectBasicServicePlan" time="137.118" classname="com.gomechanic.Tests.AddPeriodicServicePlantToCartTest"/>
</testsuite> <!-- com.gomechanic.Tests.AddPeriodicServicePlantToCartTest -->
