<?xml version="1.0" encoding="UTF-8"?>
<!-- Generated by org.testng.reporters.JUnitReportReporter -->
<testsuite hostname="DESKTOP-9GQP42P" name="com.gomechanic.Tests.CarServiceDetailsTest" tests="1" failures="0" timestamp="15 Nov 2020 15:10:13 GMT" time="63.519" errors="0">
  <testcase name="selectBasicServicePlan" time="63.519" classname="com.gomechanic.Tests.CarServiceDetailsTest"/>
</testsuite> <!-- com.gomechanic.Tests.CarServiceDetailsTest -->
