<?xml version="1.0" encoding="UTF-8"?>
<!-- Generated by org.testng.reporters.JUnitReportReporter -->
<testsuite hostname="DESKTOP-9GQP42P" name="com.gomechanic.Tests.AddACServicePlanToCartTest" tests="1" failures="0" timestamp="15 Nov 2020 15:10:13 GMT" time="140.686" errors="0">
  <testcase name="selectRegularACServicePlan" time="140.686" classname="com.gomechanic.Tests.AddACServicePlanToCartTest"/>
</testsuite> <!-- com.gomechanic.Tests.AddACServicePlanToCartTest -->
